2025-01-19 07:48:54,125 - INFO - MLflow experiment initialized.
2025-01-19 07:48:54,130 - INFO - Data loaded successfully.
2025-01-19 07:48:54,135 - INFO - Data split into training and testing sets.
2025-01-19 07:48:54,655 - ERROR - An error occurred: could not convert string to float: 'Sarkaru Vaari Paata'
Traceback (most recent call last):
  File "/home/sahana/movie-box-office-prediction/src/models/model.py", line 42, in main
    model.fit(X_train, y_train)
    ~~~~~~~~~^^^^^^^^^^^^^^^^^^
  File "/home/sahana/movie-box-office-prediction/movie/lib/python3.13/site-packages/sklearn/base.py", line 1389, in wrapper
    return fit_method(estimator, *args, **kwargs)
  File "/home/sahana/movie-box-office-prediction/movie/lib/python3.13/site-packages/sklearn/ensemble/_forest.py", line 360, in fit
    X, y = validate_data(
           ~~~~~~~~~~~~~^
        self,
        ^^^^^
    ...<5 lines>...
        ensure_all_finite=False,
        ^^^^^^^^^^^^^^^^^^^^^^^^
    )
    ^
  File "/home/sahana/movie-box-office-prediction/movie/lib/python3.13/site-packages/sklearn/utils/validation.py", line 2961, in validate_data
    X, y = check_X_y(X, y, **check_params)
           ~~~~~~~~~^^^^^^^^^^^^^^^^^^^^^^
  File "/home/sahana/movie-box-office-prediction/movie/lib/python3.13/site-packages/sklearn/utils/validation.py", line 1370, in check_X_y
    X = check_array(
        X,
    ...<12 lines>...
        input_name="X",
    )
  File "/home/sahana/movie-box-office-prediction/movie/lib/python3.13/site-packages/sklearn/utils/validation.py", line 973, in check_array
    array = array.astype(new_dtype)
  File "/home/sahana/movie-box-office-prediction/movie/lib/python3.13/site-packages/pandas/core/generic.py", line 6643, in astype
    new_data = self._mgr.astype(dtype=dtype, copy=copy, errors=errors)
  File "/home/sahana/movie-box-office-prediction/movie/lib/python3.13/site-packages/pandas/core/internals/managers.py", line 430, in astype
    return self.apply(
           ~~~~~~~~~~^
        "astype",
        ^^^^^^^^^
    ...<3 lines>...
        using_cow=using_copy_on_write(),
        ^^^^^^^^^^^^^^^^^^^^^^^^^^^^^^^^
    )
    ^
  File "/home/sahana/movie-box-office-prediction/movie/lib/python3.13/site-packages/pandas/core/internals/managers.py", line 363, in apply
    applied = getattr(b, f)(**kwargs)
  File "/home/sahana/movie-box-office-prediction/movie/lib/python3.13/site-packages/pandas/core/internals/blocks.py", line 758, in astype
    new_values = astype_array_safe(values, dtype, copy=copy, errors=errors)
  File "/home/sahana/movie-box-office-prediction/movie/lib/python3.13/site-packages/pandas/core/dtypes/astype.py", line 237, in astype_array_safe
    new_values = astype_array(values, dtype, copy=copy)
  File "/home/sahana/movie-box-office-prediction/movie/lib/python3.13/site-packages/pandas/core/dtypes/astype.py", line 182, in astype_array
    values = _astype_nansafe(values, dtype, copy=copy)
  File "/home/sahana/movie-box-office-prediction/movie/lib/python3.13/site-packages/pandas/core/dtypes/astype.py", line 133, in _astype_nansafe
    return arr.astype(dtype, copy=True)
           ~~~~~~~~~~^^^^^^^^^^^^^^^^^^
ValueError: could not convert string to float: 'Sarkaru Vaari Paata'
